<?xml version="1.0" encoding="UTF-8"?>
<!-- Generated by org.testng.reporters.JUnitReportReporter -->
<testsuite hostname="VSI-LAP-39" name="keyword.RunScripts" tests="1" failures="0" timestamp="9 Jan 2017 05:42:22 GMT" time="260.621" errors="0">
  <testcase name="runScripts" time="260.621" classname="keyword.RunScripts"/>
</testsuite> <!-- keyword.RunScripts -->
